[ 2017-07-07T08:08:17+08:00 ] 172.17.0.1 /index.php?g=&m=AdminPost&a=add_post
INFO: [ app_begin ] --START--
INFO: Run Behavior\ReadHtmlCacheBehavior [ RunTime:0.001770s ]
INFO: Run Behavior\CheckLangBehavior [ RunTime:0.004468s ]
INFO: Run Common\Behavior\UrldecodeGetBehavior [ RunTime:0.001373s ]
INFO: [ app_begin ] --END-- [ RunTime:0.008564s ]
INFO: [ admin_begin ] --START--
INFO: Run Common\Behavior\AdminDefaultLangBehavior [ RunTime:0.002783s ]
INFO: [ admin_begin ] --END-- [ RunTime:0.002948s ]
SQL: SHOW COLUMNS FROM `dc_users` [ RunTime:0.0008s ]
SQL: SELECT * FROM `dc_users` WHERE `id` = '1' LIMIT 1   [ RunTime:0.0003s ]
SQL: SHOW COLUMNS FROM `dc_posts` [ RunTime:0.0007s ]
SQL: SHOW COLUMNS FROM `dc_terms` [ RunTime:0.0006s ]
SQL: SHOW COLUMNS FROM `dc_term_relationships` [ RunTime:0.0005s ]
SQL: INSERT INTO `dc_posts` (`post_title`,`post_keywords`,`post_source`,`post_excerpt`,`post_date`,`post_status`,`istop`,`recommended`,`post_content`,`post_modified`,`post_author`,`smeta`) VALUES ('测试文字','测试文字','测试文字','测试文字','2017-07-07 08:06:01','1','0','0','<p>测试文字</p>','2017-07-07 08:08:17','1','{\"thumb\":\"portal\\/20170707\\/595ed0edd92db.jpeg\",\"template\":\"\"}') [ RunTime:0.0021s ]
SQL: INSERT INTO `dc_term_relationships` (`term_id`,`object_id`) VALUES ('12','5') [ RunTime:0.0010s ]

[ 2017-07-07T08:08:49+08:00 ] 172.17.0.1 /index.php?g=&m=AdminPost&a=add_post
INFO: [ app_begin ] --START--
INFO: Run Behavior\ReadHtmlCacheBehavior [ RunTime:0.001000s ]
INFO: Run Behavior\CheckLangBehavior [ RunTime:0.004151s ]
INFO: Run Common\Behavior\UrldecodeGetBehavior [ RunTime:0.001855s ]
INFO: [ app_begin ] --END-- [ RunTime:0.009230s ]
INFO: [ admin_begin ] --START--
INFO: Run Common\Behavior\AdminDefaultLangBehavior [ RunTime:0.002925s ]
INFO: [ admin_begin ] --END-- [ RunTime:0.003108s ]
SQL: SHOW COLUMNS FROM `dc_users` [ RunTime:0.0008s ]
SQL: SELECT * FROM `dc_users` WHERE `id` = '1' LIMIT 1   [ RunTime:0.0003s ]
SQL: SHOW COLUMNS FROM `dc_posts` [ RunTime:0.0007s ]
SQL: SHOW COLUMNS FROM `dc_terms` [ RunTime:0.0008s ]
SQL: SHOW COLUMNS FROM `dc_term_relationships` [ RunTime:0.0007s ]
SQL: INSERT INTO `dc_posts` (`post_title`,`post_keywords`,`post_source`,`post_excerpt`,`post_date`,`post_status`,`istop`,`recommended`,`post_content`,`post_modified`,`post_author`,`smeta`) VALUES ('测试文字','测试文字','测试文字','测试文字','2017-07-07 08:08:25','1','0','0','<p>测试文字</p>','2017-07-07 08:08:49','1','{\"thumb\":\"portal\\/20170707\\/595ed10e09b05.jpeg\",\"template\":\"\"}') [ RunTime:0.0089s ]
SQL: INSERT INTO `dc_term_relationships` (`term_id`,`object_id`) VALUES ('12','6') [ RunTime:0.0021s ]

[ 2017-07-07T08:09:20+08:00 ] 172.17.0.1 /index.php?g=&m=AdminPost&a=add_post
INFO: [ app_begin ] --START--
INFO: Run Behavior\ReadHtmlCacheBehavior [ RunTime:0.001033s ]
INFO: Run Behavior\CheckLangBehavior [ RunTime:0.003910s ]
INFO: Run Common\Behavior\UrldecodeGetBehavior [ RunTime:0.001360s ]
INFO: [ app_begin ] --END-- [ RunTime:0.007674s ]
INFO: [ admin_begin ] --START--
INFO: Run Common\Behavior\AdminDefaultLangBehavior [ RunTime:0.002511s ]
INFO: [ admin_begin ] --END-- [ RunTime:0.002682s ]
SQL: SHOW COLUMNS FROM `dc_users` [ RunTime:0.0009s ]
SQL: SELECT * FROM `dc_users` WHERE `id` = '1' LIMIT 1   [ RunTime:0.0005s ]
SQL: SHOW COLUMNS FROM `dc_posts` [ RunTime:0.0007s ]
SQL: SHOW COLUMNS FROM `dc_terms` [ RunTime:0.0006s ]
SQL: SHOW COLUMNS FROM `dc_term_relationships` [ RunTime:0.0005s ]
SQL: INSERT INTO `dc_posts` (`post_title`,`post_keywords`,`post_source`,`post_excerpt`,`post_date`,`post_status`,`istop`,`recommended`,`post_content`,`post_modified`,`post_author`,`smeta`) VALUES ('测试文字','测试文字','测试文字','测试文字','2017-07-07 08:08:58','1','0','0','<p>测试文字</p>','2017-07-07 08:09:20','1','{\"thumb\":\"portal\\/20170707\\/595ed12e03a4e.jpeg\",\"template\":\"\"}') [ RunTime:0.0082s ]
SQL: INSERT INTO `dc_term_relationships` (`term_id`,`object_id`) VALUES ('13','7') [ RunTime:0.0012s ]

[ 2017-07-07T08:09:48+08:00 ] 172.17.0.1 /index.php?g=&m=AdminPost&a=add_post
INFO: [ app_begin ] --START--
INFO: Run Behavior\ReadHtmlCacheBehavior [ RunTime:0.001423s ]
INFO: Run Behavior\CheckLangBehavior [ RunTime:0.004953s ]
INFO: Run Common\Behavior\UrldecodeGetBehavior [ RunTime:0.001842s ]
INFO: [ app_begin ] --END-- [ RunTime:0.009522s ]
INFO: [ admin_begin ] --START--
INFO: Run Common\Behavior\AdminDefaultLangBehavior [ RunTime:0.003436s ]
INFO: [ admin_begin ] --END-- [ RunTime:0.003656s ]
SQL: SHOW COLUMNS FROM `dc_users` [ RunTime:0.0008s ]
SQL: SELECT * FROM `dc_users` WHERE `id` = '1' LIMIT 1   [ RunTime:0.0003s ]
SQL: SHOW COLUMNS FROM `dc_posts` [ RunTime:0.0007s ]
SQL: SHOW COLUMNS FROM `dc_terms` [ RunTime:0.0007s ]
SQL: SHOW COLUMNS FROM `dc_term_relationships` [ RunTime:0.0006s ]
SQL: INSERT INTO `dc_posts` (`post_title`,`post_keywords`,`post_source`,`post_excerpt`,`post_date`,`post_status`,`istop`,`recommended`,`post_content`,`post_modified`,`post_author`,`smeta`) VALUES ('测试文字','测试文字','测试文字','测试文字','2017-07-07 08:09:23','1','0','0','<p>测试文字</p>','2017-07-07 08:09:48','1','{\"thumb\":\"portal\\/20170707\\/595ed147e37c6.jpeg\",\"template\":\"\"}') [ RunTime:0.0080s ]
SQL: INSERT INTO `dc_term_relationships` (`term_id`,`object_id`) VALUES ('13','8') [ RunTime:0.0017s ]

[ 2017-07-07T08:10:27+08:00 ] 172.17.0.1 /index.php?g=&m=AdminPost&a=add_post
INFO: [ app_begin ] --START--
INFO: Run Behavior\ReadHtmlCacheBehavior [ RunTime:0.001771s ]
INFO: Run Behavior\CheckLangBehavior [ RunTime:0.004585s ]
INFO: Run Common\Behavior\UrldecodeGetBehavior [ RunTime:0.001389s ]
INFO: [ app_begin ] --END-- [ RunTime:0.009114s ]
INFO: [ admin_begin ] --START--
INFO: Run Common\Behavior\AdminDefaultLangBehavior [ RunTime:0.002545s ]
INFO: [ admin_begin ] --END-- [ RunTime:0.002711s ]
SQL: SHOW COLUMNS FROM `dc_users` [ RunTime:0.0007s ]
SQL: SELECT * FROM `dc_users` WHERE `id` = '1' LIMIT 1   [ RunTime:0.0004s ]
SQL: SHOW COLUMNS FROM `dc_posts` [ RunTime:0.0007s ]
SQL: SHOW COLUMNS FROM `dc_terms` [ RunTime:0.0006s ]
SQL: SHOW COLUMNS FROM `dc_term_relationships` [ RunTime:0.0073s ]
SQL: INSERT INTO `dc_posts` (`post_title`,`post_keywords`,`post_source`,`post_excerpt`,`post_date`,`post_status`,`istop`,`recommended`,`post_content`,`post_modified`,`post_author`,`smeta`) VALUES ('测试文字','测试文字','测试文字','测试文字','2017-07-07 08:09:58','1','0','0','<p>测试文字</p>','2017-07-07 08:10:27','1','{\"thumb\":\"portal\\/20170707\\/595ed170c4c87.jpeg\",\"template\":\"\"}') [ RunTime:0.0027s ]
SQL: INSERT INTO `dc_term_relationships` (`term_id`,`object_id`) VALUES ('16','9') [ RunTime:0.0013s ]

[ 2017-07-07T08:10:53+08:00 ] 172.17.0.1 /index.php?g=&m=AdminPost&a=add_post
INFO: [ app_begin ] --START--
INFO: Run Behavior\ReadHtmlCacheBehavior [ RunTime:0.000659s ]
INFO: Run Behavior\CheckLangBehavior [ RunTime:0.003936s ]
INFO: Run Common\Behavior\UrldecodeGetBehavior [ RunTime:0.001837s ]
INFO: [ app_begin ] --END-- [ RunTime:0.006860s ]
INFO: [ admin_begin ] --START--
INFO: Run Common\Behavior\AdminDefaultLangBehavior [ RunTime:0.002394s ]
INFO: [ admin_begin ] --END-- [ RunTime:0.002565s ]
SQL: SHOW COLUMNS FROM `dc_users` [ RunTime:0.0011s ]
SQL: SELECT * FROM `dc_users` WHERE `id` = '1' LIMIT 1   [ RunTime:0.0004s ]
SQL: SHOW COLUMNS FROM `dc_posts` [ RunTime:0.0007s ]
SQL: SHOW COLUMNS FROM `dc_terms` [ RunTime:0.0008s ]
SQL: SHOW COLUMNS FROM `dc_term_relationships` [ RunTime:0.0007s ]
SQL: INSERT INTO `dc_posts` (`post_title`,`post_keywords`,`post_source`,`post_excerpt`,`post_date`,`post_status`,`istop`,`recommended`,`post_content`,`post_modified`,`post_author`,`smeta`) VALUES ('测试文字','测试文字','测试文字','测试文字','2017-07-07 08:10:31','1','0','0','<p>测试文字</p>','2017-07-07 08:10:53','1','{\"thumb\":\"portal\\/20170707\\/595ed18baf5d7.jpeg\",\"template\":\"\"}') [ RunTime:0.0024s ]
SQL: INSERT INTO `dc_term_relationships` (`term_id`,`object_id`) VALUES ('17','10') [ RunTime:0.0010s ]

[ 2017-07-07T08:11:36+08:00 ] 172.17.0.1 /index.php?g=&m=AdminPost&a=add_post
INFO: [ app_begin ] --START--
INFO: Run Behavior\ReadHtmlCacheBehavior [ RunTime:0.000936s ]
INFO: Run Behavior\CheckLangBehavior [ RunTime:0.006301s ]
INFO: Run Common\Behavior\UrldecodeGetBehavior [ RunTime:0.001446s ]
INFO: [ app_begin ] --END-- [ RunTime:0.009099s ]
INFO: [ admin_begin ] --START--
INFO: Run Common\Behavior\AdminDefaultLangBehavior [ RunTime:0.002763s ]
INFO: [ admin_begin ] --END-- [ RunTime:0.002949s ]
SQL: SHOW COLUMNS FROM `dc_users` [ RunTime:0.0008s ]
SQL: SELECT * FROM `dc_users` WHERE `id` = '1' LIMIT 1   [ RunTime:0.0003s ]
SQL: SHOW COLUMNS FROM `dc_posts` [ RunTime:0.0006s ]
SQL: SHOW COLUMNS FROM `dc_terms` [ RunTime:0.0006s ]
SQL: SHOW COLUMNS FROM `dc_term_relationships` [ RunTime:0.0005s ]
SQL: INSERT INTO `dc_posts` (`post_title`,`post_keywords`,`post_source`,`post_excerpt`,`post_date`,`post_status`,`istop`,`recommended`,`post_content`,`post_modified`,`post_author`,`smeta`) VALUES ('测试文字','测试文字','测试文字','测试文字','2017-07-07 08:11:09','1','0','0','<p>测试文字</p>','2017-07-07 08:11:36','1','{\"thumb\":\"portal\\/20170707\\/595ed1b62d641.jpeg\",\"template\":\"\"}') [ RunTime:0.0090s ]
SQL: INSERT INTO `dc_term_relationships` (`term_id`,`object_id`) VALUES ('18','11') [ RunTime:0.0016s ]

[ 2017-07-07T08:15:51+08:00 ] 172.17.0.1 /index.php?g=&m=AdminPost&a=add_post
INFO: [ app_begin ] --START--
INFO: Run Behavior\ReadHtmlCacheBehavior [ RunTime:0.001329s ]
INFO: Run Behavior\CheckLangBehavior [ RunTime:0.004069s ]
INFO: Run Common\Behavior\UrldecodeGetBehavior [ RunTime:0.001241s ]
INFO: [ app_begin ] --END-- [ RunTime:0.008603s ]
INFO: [ admin_begin ] --START--
INFO: Run Common\Behavior\AdminDefaultLangBehavior [ RunTime:0.003897s ]
INFO: [ admin_begin ] --END-- [ RunTime:0.004055s ]
SQL: SHOW COLUMNS FROM `dc_users` [ RunTime:0.0019s ]
SQL: SELECT * FROM `dc_users` WHERE `id` = '1' LIMIT 1   [ RunTime:0.0005s ]
SQL: SHOW COLUMNS FROM `dc_posts` [ RunTime:0.0014s ]
SQL: SHOW COLUMNS FROM `dc_terms` [ RunTime:0.0011s ]
SQL: SHOW COLUMNS FROM `dc_term_relationships` [ RunTime:0.0017s ]
SQL: INSERT INTO `dc_posts` (`post_title`,`post_keywords`,`post_source`,`post_excerpt`,`post_date`,`post_status`,`istop`,`recommended`,`post_content`,`post_modified`,`post_author`,`smeta`) VALUES ('测试文字','测试文字','测试文字','测试文字','2017-07-07 08:15:28','1','0','0','<p>测试文字</p>','2017-07-07 08:15:51','1','{\"thumb\":\"portal\\/20170707\\/595ed2b4d0fd9.jpeg\",\"template\":\"\"}') [ RunTime:0.0026s ]
SQL: INSERT INTO `dc_term_relationships` (`term_id`,`object_id`) VALUES ('18','12') [ RunTime:0.0013s ]

[ 2017-07-07T08:16:58+08:00 ] 172.17.0.1 /index.php?g=&m=AdminPost&a=add_post
INFO: [ app_begin ] --START--
INFO: Run Behavior\ReadHtmlCacheBehavior [ RunTime:0.000963s ]
INFO: Run Behavior\CheckLangBehavior [ RunTime:0.005477s ]
INFO: Run Common\Behavior\UrldecodeGetBehavior [ RunTime:0.001561s ]
INFO: [ app_begin ] --END-- [ RunTime:0.009812s ]
INFO: [ admin_begin ] --START--
INFO: Run Common\Behavior\AdminDefaultLangBehavior [ RunTime:0.003748s ]
INFO: [ admin_begin ] --END-- [ RunTime:0.003932s ]
SQL: SHOW COLUMNS FROM `dc_users` [ RunTime:0.0007s ]
SQL: SELECT * FROM `dc_users` WHERE `id` = '1' LIMIT 1   [ RunTime:0.0004s ]
SQL: SHOW COLUMNS FROM `dc_posts` [ RunTime:0.0071s ]
SQL: SHOW COLUMNS FROM `dc_terms` [ RunTime:0.0007s ]
SQL: SHOW COLUMNS FROM `dc_term_relationships` [ RunTime:0.0006s ]
SQL: INSERT INTO `dc_posts` (`post_title`,`post_keywords`,`post_source`,`post_excerpt`,`post_date`,`post_status`,`istop`,`recommended`,`post_content`,`post_modified`,`post_author`,`smeta`) VALUES ('为提高迎峰度夏期间国家电网公司对重大电网事故的应急处置能力','为提高迎峰度夏期间国家电网公司对重大电网事故的应急处置能力','为提高迎峰度夏期间国家电网公司对重大电网事故的应急处置能力','为提高迎峰度夏期间国家电网公司对重大电网事故的应急处置能力','2017-07-07 08:16:18','1','0','0','<p><span style=\"color: rgb(147, 147, 147); font-family: 微软雅黑, &quot;Microsoft Yahei&quot;, Arial, Helvetica, sans-serif; font-size: 13px; text-align: justify; background-color: rgb(255, 255, 255);\">为提高迎峰度夏期间国家电网公司对重大电网事故的应急处置能力</span><span style=\"color: rgb(147, 147, 147); font-family: 微软雅黑, &quot;Microsoft Yahei&quot;, Arial, Helvetica, sans-serif; font-size: 13px; text-align: justify; background-color: rgb(255, 255, 255);\">为提高迎峰度夏期间国家电网公司对重大电网事故的应急处置能力</span><span style=\"color: rgb(147, 147, 147); font-family: 微软雅黑, &quot;Microsoft Yahei&quot;, Arial, Helvetica, sans-serif; font-size: 13px; text-align: justify; background-color: rgb(255, 255, 255);\">为提高迎峰度夏期间国家电网公司对重大电网事故的应急处置能力</span><span style=\"color: rgb(147, 147, 147); font-family: 微软雅黑, &quot;Microsoft Yahei&quot;, Arial, Helvetica, sans-serif; font-size: 13px; text-align: justify; background-color: rgb(255, 255, 255);\">为提高迎峰度夏期间国家电网公司对重大电网事故的应急处置能力</span></p>','2017-07-07 08:16:58','1','{\"thumb\":\"portal\\/20170707\\/595ed2f7a0702.jpeg\",\"template\":\"\"}') [ RunTime:0.0019s ]
SQL: INSERT INTO `dc_term_relationships` (`term_id`,`object_id`) VALUES ('14','13') [ RunTime:0.0012s ]

[ 2017-07-07T08:18:21+08:00 ] 172.17.0.1 /index.php?g=&m=AdminPost&a=edit_post
INFO: [ app_begin ] --START--
INFO: Run Behavior\ReadHtmlCacheBehavior [ RunTime:0.001150s ]
INFO: Run Behavior\CheckLangBehavior [ RunTime:0.004467s ]
INFO: Run Common\Behavior\UrldecodeGetBehavior [ RunTime:0.001462s ]
INFO: [ app_begin ] --END-- [ RunTime:0.007959s ]
INFO: [ admin_begin ] --START--
INFO: Run Common\Behavior\AdminDefaultLangBehavior [ RunTime:0.003765s ]
INFO: [ admin_begin ] --END-- [ RunTime:0.003935s ]
SQL: SHOW COLUMNS FROM `dc_users` [ RunTime:0.0009s ]
SQL: SELECT * FROM `dc_users` WHERE `id` = '1' LIMIT 1   [ RunTime:0.0003s ]
SQL: SHOW COLUMNS FROM `dc_posts` [ RunTime:0.0009s ]
SQL: SHOW COLUMNS FROM `dc_terms` [ RunTime:0.0007s ]
SQL: SHOW COLUMNS FROM `dc_term_relationships` [ RunTime:0.0007s ]
SQL: DELETE FROM `dc_term_relationships` WHERE `object_id` = 13 AND `term_id` NOT IN ('14') [ RunTime:0.0005s ]
SQL: SELECT COUNT(*) AS tp_count FROM `dc_term_relationships` WHERE `object_id` = 13 AND `term_id` = '14' LIMIT 1   [ RunTime:0.0002s ]
SQL: UPDATE `dc_term_relationships` SET `status`='1' WHERE `object_id` = 13 AND `term_id` = '14' [ RunTime:0.0002s ]
SQL: UPDATE `dc_posts` SET `post_title`='为提高迎峰度夏期间国家电网公司对重大电网事故的应急处置能力',`post_keywords`='为提高迎峰度夏期间国家电网公司对重大电网事故的应急处置能力',`post_source`='为提高迎峰度夏期间国家电网公司对重大电网事故的应急处置能力',`post_excerpt`='为提高迎峰度夏期间国家电网公司对重大电网事故的应急处置能力',`post_date`='2017-07-07 08:16:18',`post_status`='1',`istop`='0',`recommended`='0',`post_content`='<p><span style=\"color: rgb(147, 147, 147); font-family: 微软雅黑, &quot;Microsoft Yahei&quot;, Arial, Helvetica, sans-serif; font-size: 13px; text-align: justify; background-color: rgb(255, 255, 255);\">为提高迎峰度夏期间国家电网公司对重大电网事故的应急处置能力</span><span style=\"color: rgb(147, 147, 147); font-family: 微软雅黑, &quot;Microsoft Yahei&quot;, Arial, Helvetica, sans-serif; font-size: 13px; text-align: justify; background-color: rgb(255, 255, 255);\">为提高迎峰度夏期间国家电网公司对重大电网事故的应急处置能力</span><span style=\"color: rgb(147, 147, 147); font-family: 微软雅黑, &quot;Microsoft Yahei&quot;, Arial, Helvetica, sans-serif; font-size: 13px; text-align: justify; background-color: rgb(255, 255, 255);\">为提高迎峰度夏期间国家电网公司对重大电网事故的应急处置能力</span><span style=\"color: rgb(147, 147, 147); font-family: 微软雅黑, &quot;Microsoft Yahei&quot;, Arial, Helvetica, sans-serif; font-size: 13px; text-align: justify; background-color: rgb(255, 255, 255);\">为提高迎峰度夏期间国家电网公司对重大电网事故的应急处置能力</span></p>',`post_modified`='2017-07-07 08:18:21',`smeta`='{\"thumb\":\"portal\\/20170707\\/595ed2f7a0702.jpeg\",\"template\":\"article\"}' WHERE `id` = '13' [ RunTime:0.0011s ]

