[ 2017-07-07T07:31:53+08:00 ] 172.17.0.1 /index.php?g=Admin&m=slidecat&a=add_post
INFO: [ app_begin ] --START--
INFO: Run Behavior\ReadHtmlCacheBehavior [ RunTime:0.001724s ]
INFO: Run Behavior\CheckLangBehavior [ RunTime:0.006275s ]
INFO: Run Common\Behavior\UrldecodeGetBehavior [ RunTime:0.001433s ]
INFO: [ app_begin ] --END-- [ RunTime:0.010921s ]
INFO: [ admin_begin ] --START--
INFO: Run Common\Behavior\AdminDefaultLangBehavior [ RunTime:0.003703s ]
INFO: [ admin_begin ] --END-- [ RunTime:0.003934s ]
SQL: SHOW COLUMNS FROM `dc_users` [ RunTime:0.0073s ]
SQL: SELECT * FROM `dc_users` WHERE `id` = '1' LIMIT 1   [ RunTime:0.0005s ]
SQL: SHOW COLUMNS FROM `dc_slide_cat` [ RunTime:0.0048s ]
NOTIC: [8] Undefined index: validate /www/dc/simplewind/Core/Library/Think/Model.class.php 第 1185 行.
NOTIC: [8] Undefined index: auto /www/dc/simplewind/Core/Library/Think/Model.class.php 第 1128 行.
SQL: INSERT INTO `dc_slide_cat` (`cat_name`,`cat_idname`,`cat_remark`) VALUES ('首页轮播','index_banner','') [ RunTime:0.0050s ]

[ 2017-07-07T07:33:18+08:00 ] 172.17.0.1 /index.php?g=Admin&m=slide&a=add_post
INFO: [ app_begin ] --START--
INFO: Run Behavior\ReadHtmlCacheBehavior [ RunTime:0.002048s ]
INFO: Run Behavior\CheckLangBehavior [ RunTime:0.004472s ]
INFO: Run Common\Behavior\UrldecodeGetBehavior [ RunTime:0.001113s ]
INFO: [ app_begin ] --END-- [ RunTime:0.008748s ]
INFO: [ admin_begin ] --START--
INFO: Run Common\Behavior\AdminDefaultLangBehavior [ RunTime:0.003228s ]
INFO: [ admin_begin ] --END-- [ RunTime:0.003389s ]
SQL: SHOW COLUMNS FROM `dc_users` [ RunTime:0.0010s ]
SQL: SELECT * FROM `dc_users` WHERE `id` = '1' LIMIT 1   [ RunTime:0.0004s ]
SQL: SHOW COLUMNS FROM `dc_slide` [ RunTime:0.0062s ]
SQL: SHOW COLUMNS FROM `dc_slide_cat` [ RunTime:0.0081s ]
NOTIC: [8] Undefined index: validate /www/dc/simplewind/Core/Library/Think/Model.class.php 第 1185 行.
NOTIC: [8] Undefined index: auto /www/dc/simplewind/Core/Library/Think/Model.class.php 第 1128 行.
SQL: INSERT INTO `dc_slide` (`slide_cid`,`slide_name`,`slide_url`,`slide_des`,`slide_content`,`slide_pic`) VALUES ('1','轮播1','#','','轮播','http://dc.aoyait.dev/themes/simplebootx/Public/assets/images/header_images.jpg') [ RunTime:0.0037s ]

[ 2017-07-07T07:33:40+08:00 ] 172.17.0.1 /index.php?g=Admin&m=slide&a=add_post
INFO: [ app_begin ] --START--
INFO: Run Behavior\ReadHtmlCacheBehavior [ RunTime:0.001059s ]
INFO: Run Behavior\CheckLangBehavior [ RunTime:0.005097s ]
INFO: Run Common\Behavior\UrldecodeGetBehavior [ RunTime:0.001261s ]
INFO: [ app_begin ] --END-- [ RunTime:0.008938s ]
INFO: [ admin_begin ] --START--
INFO: Run Common\Behavior\AdminDefaultLangBehavior [ RunTime:0.003170s ]
INFO: [ admin_begin ] --END-- [ RunTime:0.003323s ]
SQL: SHOW COLUMNS FROM `dc_users` [ RunTime:0.0007s ]
SQL: SELECT * FROM `dc_users` WHERE `id` = '1' LIMIT 1   [ RunTime:0.0003s ]
SQL: SHOW COLUMNS FROM `dc_slide` [ RunTime:0.0006s ]
SQL: SHOW COLUMNS FROM `dc_slide_cat` [ RunTime:0.0006s ]
NOTIC: [8] Undefined index: validate /www/dc/simplewind/Core/Library/Think/Model.class.php 第 1185 行.
NOTIC: [8] Undefined index: auto /www/dc/simplewind/Core/Library/Think/Model.class.php 第 1128 行.
SQL: INSERT INTO `dc_slide` (`slide_cid`,`slide_name`,`slide_url`,`slide_des`,`slide_content`,`slide_pic`) VALUES ('1','222','3333','4444','44444','http://dc.aoyait.dev/themes/simplebootx/Public/assets/images/header_images.jpg') [ RunTime:0.0010s ]

[ 2017-07-07T07:37:15+08:00 ] 172.17.0.1 /index.php?g=Admin&m=slidecat&a=edit_post
INFO: [ app_begin ] --START--
INFO: Run Behavior\ReadHtmlCacheBehavior [ RunTime:0.000969s ]
INFO: Run Behavior\CheckLangBehavior [ RunTime:0.004825s ]
INFO: Run Common\Behavior\UrldecodeGetBehavior [ RunTime:0.002000s ]
INFO: [ app_begin ] --END-- [ RunTime:0.009403s ]
INFO: [ admin_begin ] --START--
INFO: Run Common\Behavior\AdminDefaultLangBehavior [ RunTime:0.004654s ]
INFO: [ admin_begin ] --END-- [ RunTime:0.004834s ]
SQL: SHOW COLUMNS FROM `dc_users` [ RunTime:0.0008s ]
SQL: SELECT * FROM `dc_users` WHERE `id` = '1' LIMIT 1   [ RunTime:0.0004s ]
SQL: SHOW COLUMNS FROM `dc_slide_cat` [ RunTime:0.0006s ]
NOTIC: [8] Undefined index: validate /www/dc/simplewind/Core/Library/Think/Model.class.php 第 1185 行.
NOTIC: [8] Undefined index: auto /www/dc/simplewind/Core/Library/Think/Model.class.php 第 1128 行.
SQL: UPDATE `dc_slide_cat` SET `cat_name`='首页轮播',`cat_idname`='portal_index',`cat_remark`='' WHERE `cid` = 1 [ RunTime:0.0023s ]

